<?xml version="1.0" encoding="UTF-8"?>
<TestRun id="bf66e83c-57b1-427d-b0d1-e3b3b4777efc" name="RENISH@REN-INFOTECH 2014-03-11 22:20:21" runUser="REN-INFOTECH\RENISH" xmlns="http://microsoft.com/schemas/VisualStudio/TeamTest/2010">
  <TestSettings name="Default Test Settings" id="0cecb43e-2316-4d8b-a8c0-dca129c2eafd">
    <Deployment runDeploymentRoot="RENISH_REN-INFOTECH 2014-03-11 22_20_21">
      <DeploymentItem filename="D:\RIT_Workspace\MyFirstMVC\MyFirstMVC\bin\MyFirstMVC.dll" />
    </Deployment>
    <Execution>
      <TestTypeSpecific />
      <AgentRule name="Execution Agents">
      </AgentRule>
    </Execution>
  </TestSettings>
  <Times creation="2014-03-11T22:20:21.1709868+05:30" queuing="2014-03-11T22:20:21.5330076+05:30" start="2014-03-11T22:20:21.1709868+05:30" finish="2014-03-11T22:20:21.5430081+05:30" />
  <ResultSummary outcome="Error">
    <Counters total="17" error="0" failed="0" timeout="0" aborted="0" inconclusive="0" passedButRunAborted="0" notRunnable="0" notExecuted="17" disconnected="0" warning="0" passed="0" completed="0" inProgress="0" pending="0" />
    <RunInfos>
      <RunInfo computerName="REN-INFOTECH" outcome="Error" timestamp="2014-03-11T22:20:21.5380078+05:30">
        <Text>AddAgentMachines: No machines were assigned to the run</Text>
      </RunInfo>
    </RunInfos>
  </ResultSummary>
  <TestDefinitions>
    <UnitTest name="LogOn_Post_ReturnsViewIfValidateUserFails" storage="d:\rit_workspace\myfirstmvc\myfirstmvc.tests\bin\debug\myfirstmvc.tests.dll" id="70202136-d0e9-7a6b-007a-72e1bcc33cc2">
      <Execution id="18dfafcc-e489-4fe0-906a-b933f5925aea" />
      <TestMethod codeBase="D:/RIT_Workspace/MyFirstMVC/MyFirstMVC.Tests/bin/Debug/MyFirstMVC.Tests.DLL" adapterTypeName="Microsoft.VisualStudio.TestTools.TestTypes.Unit.UnitTestAdapter, Microsoft.VisualStudio.QualityTools.Tips.UnitTest.Adapter, Version=10.0.0.0, Culture=neutral, PublicKeyToken=b03f5f7f11d50a3a" className="MyFirstMVC.Tests.Controllers.AccountControllerTest, MyFirstMVC.Tests, Version=1.0.0.0, Culture=neutral, PublicKeyToken=null" name="LogOn_Post_ReturnsViewIfValidateUserFails" />
    </UnitTest>
    <UnitTest name="ChangePassword_Get_ReturnsView" storage="d:\rit_workspace\myfirstmvc\myfirstmvc.tests\bin\debug\myfirstmvc.tests.dll" id="f90221a7-d641-e8de-acd8-a98bf4190c93">
      <Execution id="92109622-b26f-4527-a1cc-b23a1a8af4e1" />
      <TestMethod codeBase="D:/RIT_Workspace/MyFirstMVC/MyFirstMVC.Tests/bin/Debug/MyFirstMVC.Tests.DLL" adapterTypeName="Microsoft.VisualStudio.TestTools.TestTypes.Unit.UnitTestAdapter, Microsoft.VisualStudio.QualityTools.Tips.UnitTest.Adapter, Version=10.0.0.0, Culture=neutral, PublicKeyToken=b03f5f7f11d50a3a" className="MyFirstMVC.Tests.Controllers.AccountControllerTest, MyFirstMVC.Tests, Version=1.0.0.0, Culture=neutral, PublicKeyToken=null" name="ChangePassword_Get_ReturnsView" />
    </UnitTest>
    <UnitTest name="ChangePasswordSuccess_ReturnsView" storage="d:\rit_workspace\myfirstmvc\myfirstmvc.tests\bin\debug\myfirstmvc.tests.dll" id="d8ab82bd-93f1-f614-4138-500867e34e48">
      <Execution id="4dd46245-f4e6-440c-8ddd-9ddce405f072" />
      <TestMethod codeBase="D:/RIT_Workspace/MyFirstMVC/MyFirstMVC.Tests/bin/Debug/MyFirstMVC.Tests.DLL" adapterTypeName="Microsoft.VisualStudio.TestTools.TestTypes.Unit.UnitTestAdapter, Microsoft.VisualStudio.QualityTools.Tips.UnitTest.Adapter, Version=10.0.0.0, Culture=neutral, PublicKeyToken=b03f5f7f11d50a3a" className="MyFirstMVC.Tests.Controllers.AccountControllerTest, MyFirstMVC.Tests, Version=1.0.0.0, Culture=neutral, PublicKeyToken=null" name="ChangePasswordSuccess_ReturnsView" />
    </UnitTest>
    <UnitTest name="ChangePassword_Post_ReturnsRedirectOnSuccess" storage="d:\rit_workspace\myfirstmvc\myfirstmvc.tests\bin\debug\myfirstmvc.tests.dll" id="fad39121-cae6-7ba8-a776-4227aeae1cfb">
      <Execution id="fad2aa7d-260a-4de8-a046-2f98f058fc3f" />
      <TestMethod codeBase="D:/RIT_Workspace/MyFirstMVC/MyFirstMVC.Tests/bin/Debug/MyFirstMVC.Tests.DLL" adapterTypeName="Microsoft.VisualStudio.TestTools.TestTypes.Unit.UnitTestAdapter, Microsoft.VisualStudio.QualityTools.Tips.UnitTest.Adapter, Version=10.0.0.0, Culture=neutral, PublicKeyToken=b03f5f7f11d50a3a" className="MyFirstMVC.Tests.Controllers.AccountControllerTest, MyFirstMVC.Tests, Version=1.0.0.0, Culture=neutral, PublicKeyToken=null" name="ChangePassword_Post_ReturnsRedirectOnSuccess" />
    </UnitTest>
    <UnitTest name="LogOn_Get_ReturnsView" storage="d:\rit_workspace\myfirstmvc\myfirstmvc.tests\bin\debug\myfirstmvc.tests.dll" id="ebc08476-5eec-11cb-d2ad-c1459517b868">
      <Execution id="5610c6f3-9294-4571-be60-aa7f7fc86385" />
      <TestMethod codeBase="D:/RIT_Workspace/MyFirstMVC/MyFirstMVC.Tests/bin/Debug/MyFirstMVC.Tests.DLL" adapterTypeName="Microsoft.VisualStudio.TestTools.TestTypes.Unit.UnitTestAdapter, Microsoft.VisualStudio.QualityTools.Tips.UnitTest.Adapter, Version=10.0.0.0, Culture=neutral, PublicKeyToken=b03f5f7f11d50a3a" className="MyFirstMVC.Tests.Controllers.AccountControllerTest, MyFirstMVC.Tests, Version=1.0.0.0, Culture=neutral, PublicKeyToken=null" name="LogOn_Get_ReturnsView" />
    </UnitTest>
    <UnitTest name="LogOn_Post_ReturnsRedirectOnSuccess_WithReturnUrl" storage="d:\rit_workspace\myfirstmvc\myfirstmvc.tests\bin\debug\myfirstmvc.tests.dll" id="96cd94ed-e671-e068-c59d-767b9a84eb50">
      <Execution id="94b09885-c89f-4fdf-8c42-551f60b5f2bd" />
      <TestMethod codeBase="D:/RIT_Workspace/MyFirstMVC/MyFirstMVC.Tests/bin/Debug/MyFirstMVC.Tests.DLL" adapterTypeName="Microsoft.VisualStudio.TestTools.TestTypes.Unit.UnitTestAdapter, Microsoft.VisualStudio.QualityTools.Tips.UnitTest.Adapter, Version=10.0.0.0, Culture=neutral, PublicKeyToken=b03f5f7f11d50a3a" className="MyFirstMVC.Tests.Controllers.AccountControllerTest, MyFirstMVC.Tests, Version=1.0.0.0, Culture=neutral, PublicKeyToken=null" name="LogOn_Post_ReturnsRedirectOnSuccess_WithReturnUrl" />
    </UnitTest>
    <UnitTest name="Register_Get_ReturnsView" storage="d:\rit_workspace\myfirstmvc\myfirstmvc.tests\bin\debug\myfirstmvc.tests.dll" id="af03b902-9d9a-22ca-b19c-722cbfa28ef6">
      <Execution id="7eb487b9-d5ea-475d-bd57-fcb66226de08" />
      <TestMethod codeBase="D:/RIT_Workspace/MyFirstMVC/MyFirstMVC.Tests/bin/Debug/MyFirstMVC.Tests.DLL" adapterTypeName="Microsoft.VisualStudio.TestTools.TestTypes.Unit.UnitTestAdapter, Microsoft.VisualStudio.QualityTools.Tips.UnitTest.Adapter, Version=10.0.0.0, Culture=neutral, PublicKeyToken=b03f5f7f11d50a3a" className="MyFirstMVC.Tests.Controllers.AccountControllerTest, MyFirstMVC.Tests, Version=1.0.0.0, Culture=neutral, PublicKeyToken=null" name="Register_Get_ReturnsView" />
    </UnitTest>
    <UnitTest name="Register_Post_ReturnsViewIfModelStateIsInvalid" storage="d:\rit_workspace\myfirstmvc\myfirstmvc.tests\bin\debug\myfirstmvc.tests.dll" id="a040b611-3406-69aa-a754-4ace4cc5a7b2">
      <Execution id="62278577-bbf0-49d4-b559-408e1f85a435" />
      <TestMethod codeBase="D:/RIT_Workspace/MyFirstMVC/MyFirstMVC.Tests/bin/Debug/MyFirstMVC.Tests.DLL" adapterTypeName="Microsoft.VisualStudio.TestTools.TestTypes.Unit.UnitTestAdapter, Microsoft.VisualStudio.QualityTools.Tips.UnitTest.Adapter, Version=10.0.0.0, Culture=neutral, PublicKeyToken=b03f5f7f11d50a3a" className="MyFirstMVC.Tests.Controllers.AccountControllerTest, MyFirstMVC.Tests, Version=1.0.0.0, Culture=neutral, PublicKeyToken=null" name="Register_Post_ReturnsViewIfModelStateIsInvalid" />
    </UnitTest>
    <UnitTest name="About" storage="d:\rit_workspace\myfirstmvc\myfirstmvc.tests\bin\debug\myfirstmvc.tests.dll" id="b1e782de-f4f0-968d-0793-b34f6c03aa37">
      <Execution id="06015bbe-84ba-4591-b0fa-f4ccbffdd5b9" />
      <TestMethod codeBase="D:/RIT_Workspace/MyFirstMVC/MyFirstMVC.Tests/bin/Debug/MyFirstMVC.Tests.DLL" adapterTypeName="Microsoft.VisualStudio.TestTools.TestTypes.Unit.UnitTestAdapter, Microsoft.VisualStudio.QualityTools.Tips.UnitTest.Adapter, Version=10.0.0.0, Culture=neutral, PublicKeyToken=b03f5f7f11d50a3a" className="MyFirstMVC.Tests.Controllers.HomeControllerTest, MyFirstMVC.Tests, Version=1.0.0.0, Culture=neutral, PublicKeyToken=null" name="About" />
    </UnitTest>
    <UnitTest name="ChangePassword_Post_ReturnsViewIfChangePasswordFails" storage="d:\rit_workspace\myfirstmvc\myfirstmvc.tests\bin\debug\myfirstmvc.tests.dll" id="4d9d1b2e-af50-a783-5f72-26d77ef268bc">
      <Execution id="9e18fc48-d821-44a9-ae33-a2bd5e51724f" />
      <TestMethod codeBase="D:/RIT_Workspace/MyFirstMVC/MyFirstMVC.Tests/bin/Debug/MyFirstMVC.Tests.DLL" adapterTypeName="Microsoft.VisualStudio.TestTools.TestTypes.Unit.UnitTestAdapter, Microsoft.VisualStudio.QualityTools.Tips.UnitTest.Adapter, Version=10.0.0.0, Culture=neutral, PublicKeyToken=b03f5f7f11d50a3a" className="MyFirstMVC.Tests.Controllers.AccountControllerTest, MyFirstMVC.Tests, Version=1.0.0.0, Culture=neutral, PublicKeyToken=null" name="ChangePassword_Post_ReturnsViewIfChangePasswordFails" />
    </UnitTest>
    <UnitTest name="LogOn_Post_ReturnsRedirectOnSuccess_WithoutReturnUrl" storage="d:\rit_workspace\myfirstmvc\myfirstmvc.tests\bin\debug\myfirstmvc.tests.dll" id="20512316-d1c9-66ff-c112-e31fc9fedded">
      <Execution id="eb0de28a-6f9a-43dd-93e3-bea461c9088f" />
      <TestMethod codeBase="D:/RIT_Workspace/MyFirstMVC/MyFirstMVC.Tests/bin/Debug/MyFirstMVC.Tests.DLL" adapterTypeName="Microsoft.VisualStudio.TestTools.TestTypes.Unit.UnitTestAdapter, Microsoft.VisualStudio.QualityTools.Tips.UnitTest.Adapter, Version=10.0.0.0, Culture=neutral, PublicKeyToken=b03f5f7f11d50a3a" className="MyFirstMVC.Tests.Controllers.AccountControllerTest, MyFirstMVC.Tests, Version=1.0.0.0, Culture=neutral, PublicKeyToken=null" name="LogOn_Post_ReturnsRedirectOnSuccess_WithoutReturnUrl" />
    </UnitTest>
    <UnitTest name="Index" storage="d:\rit_workspace\myfirstmvc\myfirstmvc.tests\bin\debug\myfirstmvc.tests.dll" id="91ba4676-435b-8af9-56cd-4c526f6ddcc4">
      <Execution id="19e234d7-aa43-4ec2-9a5b-f431e1181299" />
      <TestMethod codeBase="D:/RIT_Workspace/MyFirstMVC/MyFirstMVC.Tests/bin/Debug/MyFirstMVC.Tests.DLL" adapterTypeName="Microsoft.VisualStudio.TestTools.TestTypes.Unit.UnitTestAdapter, Microsoft.VisualStudio.QualityTools.Tips.UnitTest.Adapter, Version=10.0.0.0, Culture=neutral, PublicKeyToken=b03f5f7f11d50a3a" className="MyFirstMVC.Tests.Controllers.HomeControllerTest, MyFirstMVC.Tests, Version=1.0.0.0, Culture=neutral, PublicKeyToken=null" name="Index" />
    </UnitTest>
    <UnitTest name="Register_Post_ReturnsRedirectOnSuccess" storage="d:\rit_workspace\myfirstmvc\myfirstmvc.tests\bin\debug\myfirstmvc.tests.dll" id="218cf645-fc3e-b090-b270-165b5ce728ab">
      <Execution id="a534a00d-9414-48d6-baa7-939bb3244829" />
      <TestMethod codeBase="D:/RIT_Workspace/MyFirstMVC/MyFirstMVC.Tests/bin/Debug/MyFirstMVC.Tests.DLL" adapterTypeName="Microsoft.VisualStudio.TestTools.TestTypes.Unit.UnitTestAdapter, Microsoft.VisualStudio.QualityTools.Tips.UnitTest.Adapter, Version=10.0.0.0, Culture=neutral, PublicKeyToken=b03f5f7f11d50a3a" className="MyFirstMVC.Tests.Controllers.AccountControllerTest, MyFirstMVC.Tests, Version=1.0.0.0, Culture=neutral, PublicKeyToken=null" name="Register_Post_ReturnsRedirectOnSuccess" />
    </UnitTest>
    <UnitTest name="Register_Post_ReturnsViewIfRegistrationFails" storage="d:\rit_workspace\myfirstmvc\myfirstmvc.tests\bin\debug\myfirstmvc.tests.dll" id="e0704885-cd8d-1109-937b-2f846c2d8383">
      <Execution id="3f5525ea-8f85-49db-95d2-c1261e57f447" />
      <TestMethod codeBase="D:/RIT_Workspace/MyFirstMVC/MyFirstMVC.Tests/bin/Debug/MyFirstMVC.Tests.DLL" adapterTypeName="Microsoft.VisualStudio.TestTools.TestTypes.Unit.UnitTestAdapter, Microsoft.VisualStudio.QualityTools.Tips.UnitTest.Adapter, Version=10.0.0.0, Culture=neutral, PublicKeyToken=b03f5f7f11d50a3a" className="MyFirstMVC.Tests.Controllers.AccountControllerTest, MyFirstMVC.Tests, Version=1.0.0.0, Culture=neutral, PublicKeyToken=null" name="Register_Post_ReturnsViewIfRegistrationFails" />
    </UnitTest>
    <UnitTest name="LogOff_LogsOutAndRedirects" storage="d:\rit_workspace\myfirstmvc\myfirstmvc.tests\bin\debug\myfirstmvc.tests.dll" id="593aa7a0-480c-3935-4631-347a5c4df54e">
      <Execution id="89d90929-fb9c-4ca0-8786-2e36293c11e7" />
      <TestMethod codeBase="D:/RIT_Workspace/MyFirstMVC/MyFirstMVC.Tests/bin/Debug/MyFirstMVC.Tests.DLL" adapterTypeName="Microsoft.VisualStudio.TestTools.TestTypes.Unit.UnitTestAdapter, Microsoft.VisualStudio.QualityTools.Tips.UnitTest.Adapter, Version=10.0.0.0, Culture=neutral, PublicKeyToken=b03f5f7f11d50a3a" className="MyFirstMVC.Tests.Controllers.AccountControllerTest, MyFirstMVC.Tests, Version=1.0.0.0, Culture=neutral, PublicKeyToken=null" name="LogOff_LogsOutAndRedirects" />
    </UnitTest>
    <UnitTest name="LogOn_Post_ReturnsViewIfModelStateIsInvalid" storage="d:\rit_workspace\myfirstmvc\myfirstmvc.tests\bin\debug\myfirstmvc.tests.dll" id="30f03493-3cb3-0bb5-694d-2cada8636f17">
      <Execution id="7e0dbad5-253a-49da-bb38-9c46c8b583eb" />
      <TestMethod codeBase="D:/RIT_Workspace/MyFirstMVC/MyFirstMVC.Tests/bin/Debug/MyFirstMVC.Tests.DLL" adapterTypeName="Microsoft.VisualStudio.TestTools.TestTypes.Unit.UnitTestAdapter, Microsoft.VisualStudio.QualityTools.Tips.UnitTest.Adapter, Version=10.0.0.0, Culture=neutral, PublicKeyToken=b03f5f7f11d50a3a" className="MyFirstMVC.Tests.Controllers.AccountControllerTest, MyFirstMVC.Tests, Version=1.0.0.0, Culture=neutral, PublicKeyToken=null" name="LogOn_Post_ReturnsViewIfModelStateIsInvalid" />
    </UnitTest>
    <UnitTest name="ChangePassword_Post_ReturnsViewIfModelStateIsInvalid" storage="d:\rit_workspace\myfirstmvc\myfirstmvc.tests\bin\debug\myfirstmvc.tests.dll" id="e7ec2cb1-bdad-676e-f4d0-198c0aef9fd3">
      <Execution id="fb6ec069-a93a-4ba4-b33c-09174bfee10e" />
      <TestMethod codeBase="D:/RIT_Workspace/MyFirstMVC/MyFirstMVC.Tests/bin/Debug/MyFirstMVC.Tests.DLL" adapterTypeName="Microsoft.VisualStudio.TestTools.TestTypes.Unit.UnitTestAdapter, Microsoft.VisualStudio.QualityTools.Tips.UnitTest.Adapter, Version=10.0.0.0, Culture=neutral, PublicKeyToken=b03f5f7f11d50a3a" className="MyFirstMVC.Tests.Controllers.AccountControllerTest, MyFirstMVC.Tests, Version=1.0.0.0, Culture=neutral, PublicKeyToken=null" name="ChangePassword_Post_ReturnsViewIfModelStateIsInvalid" />
    </UnitTest>
  </TestDefinitions>
  <TestLists>
    <TestList name="Results Not in a List" id="8c84fa94-04c1-424b-9868-57a2d4851a1d" />
    <TestList name="All Loaded Results" id="19431567-8539-422a-85d7-44ee4e166bda" />
  </TestLists>
  <TestEntries>
    <TestEntry testId="20512316-d1c9-66ff-c112-e31fc9fedded" executionId="eb0de28a-6f9a-43dd-93e3-bea461c9088f" testListId="8c84fa94-04c1-424b-9868-57a2d4851a1d" />
    <TestEntry testId="218cf645-fc3e-b090-b270-165b5ce728ab" executionId="a534a00d-9414-48d6-baa7-939bb3244829" testListId="8c84fa94-04c1-424b-9868-57a2d4851a1d" />
    <TestEntry testId="30f03493-3cb3-0bb5-694d-2cada8636f17" executionId="7e0dbad5-253a-49da-bb38-9c46c8b583eb" testListId="8c84fa94-04c1-424b-9868-57a2d4851a1d" />
    <TestEntry testId="4d9d1b2e-af50-a783-5f72-26d77ef268bc" executionId="9e18fc48-d821-44a9-ae33-a2bd5e51724f" testListId="8c84fa94-04c1-424b-9868-57a2d4851a1d" />
    <TestEntry testId="593aa7a0-480c-3935-4631-347a5c4df54e" executionId="89d90929-fb9c-4ca0-8786-2e36293c11e7" testListId="8c84fa94-04c1-424b-9868-57a2d4851a1d" />
    <TestEntry testId="70202136-d0e9-7a6b-007a-72e1bcc33cc2" executionId="18dfafcc-e489-4fe0-906a-b933f5925aea" testListId="8c84fa94-04c1-424b-9868-57a2d4851a1d" />
    <TestEntry testId="91ba4676-435b-8af9-56cd-4c526f6ddcc4" executionId="19e234d7-aa43-4ec2-9a5b-f431e1181299" testListId="8c84fa94-04c1-424b-9868-57a2d4851a1d" />
    <TestEntry testId="96cd94ed-e671-e068-c59d-767b9a84eb50" executionId="94b09885-c89f-4fdf-8c42-551f60b5f2bd" testListId="8c84fa94-04c1-424b-9868-57a2d4851a1d" />
    <TestEntry testId="a040b611-3406-69aa-a754-4ace4cc5a7b2" executionId="62278577-bbf0-49d4-b559-408e1f85a435" testListId="8c84fa94-04c1-424b-9868-57a2d4851a1d" />
    <TestEntry testId="af03b902-9d9a-22ca-b19c-722cbfa28ef6" executionId="7eb487b9-d5ea-475d-bd57-fcb66226de08" testListId="8c84fa94-04c1-424b-9868-57a2d4851a1d" />
    <TestEntry testId="b1e782de-f4f0-968d-0793-b34f6c03aa37" executionId="06015bbe-84ba-4591-b0fa-f4ccbffdd5b9" testListId="8c84fa94-04c1-424b-9868-57a2d4851a1d" />
    <TestEntry testId="d8ab82bd-93f1-f614-4138-500867e34e48" executionId="4dd46245-f4e6-440c-8ddd-9ddce405f072" testListId="8c84fa94-04c1-424b-9868-57a2d4851a1d" />
    <TestEntry testId="e0704885-cd8d-1109-937b-2f846c2d8383" executionId="3f5525ea-8f85-49db-95d2-c1261e57f447" testListId="8c84fa94-04c1-424b-9868-57a2d4851a1d" />
    <TestEntry testId="e7ec2cb1-bdad-676e-f4d0-198c0aef9fd3" executionId="fb6ec069-a93a-4ba4-b33c-09174bfee10e" testListId="8c84fa94-04c1-424b-9868-57a2d4851a1d" />
    <TestEntry testId="ebc08476-5eec-11cb-d2ad-c1459517b868" executionId="5610c6f3-9294-4571-be60-aa7f7fc86385" testListId="8c84fa94-04c1-424b-9868-57a2d4851a1d" />
    <TestEntry testId="f90221a7-d641-e8de-acd8-a98bf4190c93" executionId="92109622-b26f-4527-a1cc-b23a1a8af4e1" testListId="8c84fa94-04c1-424b-9868-57a2d4851a1d" />
    <TestEntry testId="fad39121-cae6-7ba8-a776-4227aeae1cfb" executionId="fad2aa7d-260a-4de8-a046-2f98f058fc3f" testListId="8c84fa94-04c1-424b-9868-57a2d4851a1d" />
  </TestEntries>
  <Results>
    <UnitTestResult executionId="eb0de28a-6f9a-43dd-93e3-bea461c9088f" testId="20512316-d1c9-66ff-c112-e31fc9fedded" testName="LogOn_Post_ReturnsRedirectOnSuccess_WithoutReturnUrl" computerName="REN-INFOTECH" testType="13cdc9d9-ddb5-4fa4-a97d-d965ccfc6d4b" outcome="NotExecuted" testListId="8c84fa94-04c1-424b-9868-57a2d4851a1d" relativeResultsDirectory="eb0de28a-6f9a-43dd-93e3-bea461c9088f">
    </UnitTestResult>
    <UnitTestResult executionId="a534a00d-9414-48d6-baa7-939bb3244829" testId="218cf645-fc3e-b090-b270-165b5ce728ab" testName="Register_Post_ReturnsRedirectOnSuccess" computerName="REN-INFOTECH" testType="13cdc9d9-ddb5-4fa4-a97d-d965ccfc6d4b" outcome="NotExecuted" testListId="8c84fa94-04c1-424b-9868-57a2d4851a1d" relativeResultsDirectory="a534a00d-9414-48d6-baa7-939bb3244829">
    </UnitTestResult>
    <UnitTestResult executionId="7e0dbad5-253a-49da-bb38-9c46c8b583eb" testId="30f03493-3cb3-0bb5-694d-2cada8636f17" testName="LogOn_Post_ReturnsViewIfModelStateIsInvalid" computerName="REN-INFOTECH" testType="13cdc9d9-ddb5-4fa4-a97d-d965ccfc6d4b" outcome="NotExecuted" testListId="8c84fa94-04c1-424b-9868-57a2d4851a1d" relativeResultsDirectory="7e0dbad5-253a-49da-bb38-9c46c8b583eb">
    </UnitTestResult>
    <UnitTestResult executionId="9e18fc48-d821-44a9-ae33-a2bd5e51724f" testId="4d9d1b2e-af50-a783-5f72-26d77ef268bc" testName="ChangePassword_Post_ReturnsViewIfChangePasswordFails" computerName="REN-INFOTECH" testType="13cdc9d9-ddb5-4fa4-a97d-d965ccfc6d4b" outcome="NotExecuted" testListId="8c84fa94-04c1-424b-9868-57a2d4851a1d" relativeResultsDirectory="9e18fc48-d821-44a9-ae33-a2bd5e51724f">
    </UnitTestResult>
    <UnitTestResult executionId="89d90929-fb9c-4ca0-8786-2e36293c11e7" testId="593aa7a0-480c-3935-4631-347a5c4df54e" testName="LogOff_LogsOutAndRedirects" computerName="REN-INFOTECH" testType="13cdc9d9-ddb5-4fa4-a97d-d965ccfc6d4b" outcome="NotExecuted" testListId="8c84fa94-04c1-424b-9868-57a2d4851a1d" relativeResultsDirectory="89d90929-fb9c-4ca0-8786-2e36293c11e7">
    </UnitTestResult>
    <UnitTestResult executionId="18dfafcc-e489-4fe0-906a-b933f5925aea" testId="70202136-d0e9-7a6b-007a-72e1bcc33cc2" testName="LogOn_Post_ReturnsViewIfValidateUserFails" computerName="REN-INFOTECH" testType="13cdc9d9-ddb5-4fa4-a97d-d965ccfc6d4b" outcome="NotExecuted" testListId="8c84fa94-04c1-424b-9868-57a2d4851a1d" relativeResultsDirectory="18dfafcc-e489-4fe0-906a-b933f5925aea">
    </UnitTestResult>
    <UnitTestResult executionId="19e234d7-aa43-4ec2-9a5b-f431e1181299" testId="91ba4676-435b-8af9-56cd-4c526f6ddcc4" testName="Index" computerName="REN-INFOTECH" testType="13cdc9d9-ddb5-4fa4-a97d-d965ccfc6d4b" outcome="NotExecuted" testListId="8c84fa94-04c1-424b-9868-57a2d4851a1d" relativeResultsDirectory="19e234d7-aa43-4ec2-9a5b-f431e1181299">
    </UnitTestResult>
    <UnitTestResult executionId="94b09885-c89f-4fdf-8c42-551f60b5f2bd" testId="96cd94ed-e671-e068-c59d-767b9a84eb50" testName="LogOn_Post_ReturnsRedirectOnSuccess_WithReturnUrl" computerName="REN-INFOTECH" testType="13cdc9d9-ddb5-4fa4-a97d-d965ccfc6d4b" outcome="NotExecuted" testListId="8c84fa94-04c1-424b-9868-57a2d4851a1d" relativeResultsDirectory="94b09885-c89f-4fdf-8c42-551f60b5f2bd">
    </UnitTestResult>
    <UnitTestResult executionId="62278577-bbf0-49d4-b559-408e1f85a435" testId="a040b611-3406-69aa-a754-4ace4cc5a7b2" testName="Register_Post_ReturnsViewIfModelStateIsInvalid" computerName="REN-INFOTECH" testType="13cdc9d9-ddb5-4fa4-a97d-d965ccfc6d4b" outcome="NotExecuted" testListId="8c84fa94-04c1-424b-9868-57a2d4851a1d" relativeResultsDirectory="62278577-bbf0-49d4-b559-408e1f85a435">
    </UnitTestResult>
    <UnitTestResult executionId="7eb487b9-d5ea-475d-bd57-fcb66226de08" testId="af03b902-9d9a-22ca-b19c-722cbfa28ef6" testName="Register_Get_ReturnsView" computerName="REN-INFOTECH" testType="13cdc9d9-ddb5-4fa4-a97d-d965ccfc6d4b" outcome="NotExecuted" testListId="8c84fa94-04c1-424b-9868-57a2d4851a1d" relativeResultsDirectory="7eb487b9-d5ea-475d-bd57-fcb66226de08">
    </UnitTestResult>
    <UnitTestResult executionId="06015bbe-84ba-4591-b0fa-f4ccbffdd5b9" testId="b1e782de-f4f0-968d-0793-b34f6c03aa37" testName="About" computerName="REN-INFOTECH" testType="13cdc9d9-ddb5-4fa4-a97d-d965ccfc6d4b" outcome="NotExecuted" testListId="8c84fa94-04c1-424b-9868-57a2d4851a1d" relativeResultsDirectory="06015bbe-84ba-4591-b0fa-f4ccbffdd5b9">
    </UnitTestResult>
    <UnitTestResult executionId="4dd46245-f4e6-440c-8ddd-9ddce405f072" testId="d8ab82bd-93f1-f614-4138-500867e34e48" testName="ChangePasswordSuccess_ReturnsView" computerName="REN-INFOTECH" testType="13cdc9d9-ddb5-4fa4-a97d-d965ccfc6d4b" outcome="NotExecuted" testListId="8c84fa94-04c1-424b-9868-57a2d4851a1d" relativeResultsDirectory="4dd46245-f4e6-440c-8ddd-9ddce405f072">
    </UnitTestResult>
    <UnitTestResult executionId="3f5525ea-8f85-49db-95d2-c1261e57f447" testId="e0704885-cd8d-1109-937b-2f846c2d8383" testName="Register_Post_ReturnsViewIfRegistrationFails" computerName="REN-INFOTECH" testType="13cdc9d9-ddb5-4fa4-a97d-d965ccfc6d4b" outcome="NotExecuted" testListId="8c84fa94-04c1-424b-9868-57a2d4851a1d" relativeResultsDirectory="3f5525ea-8f85-49db-95d2-c1261e57f447">
    </UnitTestResult>
    <UnitTestResult executionId="fb6ec069-a93a-4ba4-b33c-09174bfee10e" testId="e7ec2cb1-bdad-676e-f4d0-198c0aef9fd3" testName="ChangePassword_Post_ReturnsViewIfModelStateIsInvalid" computerName="REN-INFOTECH" testType="13cdc9d9-ddb5-4fa4-a97d-d965ccfc6d4b" outcome="NotExecuted" testListId="8c84fa94-04c1-424b-9868-57a2d4851a1d" relativeResultsDirectory="fb6ec069-a93a-4ba4-b33c-09174bfee10e">
    </UnitTestResult>
    <UnitTestResult executionId="5610c6f3-9294-4571-be60-aa7f7fc86385" testId="ebc08476-5eec-11cb-d2ad-c1459517b868" testName="LogOn_Get_ReturnsView" computerName="REN-INFOTECH" testType="13cdc9d9-ddb5-4fa4-a97d-d965ccfc6d4b" outcome="NotExecuted" testListId="8c84fa94-04c1-424b-9868-57a2d4851a1d" relativeResultsDirectory="5610c6f3-9294-4571-be60-aa7f7fc86385">
    </UnitTestResult>
    <UnitTestResult executionId="92109622-b26f-4527-a1cc-b23a1a8af4e1" testId="f90221a7-d641-e8de-acd8-a98bf4190c93" testName="ChangePassword_Get_ReturnsView" computerName="REN-INFOTECH" testType="13cdc9d9-ddb5-4fa4-a97d-d965ccfc6d4b" outcome="NotExecuted" testListId="8c84fa94-04c1-424b-9868-57a2d4851a1d" relativeResultsDirectory="92109622-b26f-4527-a1cc-b23a1a8af4e1">
    </UnitTestResult>
    <UnitTestResult executionId="fad2aa7d-260a-4de8-a046-2f98f058fc3f" testId="fad39121-cae6-7ba8-a776-4227aeae1cfb" testName="ChangePassword_Post_ReturnsRedirectOnSuccess" computerName="REN-INFOTECH" testType="13cdc9d9-ddb5-4fa4-a97d-d965ccfc6d4b" outcome="NotExecuted" testListId="8c84fa94-04c1-424b-9868-57a2d4851a1d" relativeResultsDirectory="fad2aa7d-260a-4de8-a046-2f98f058fc3f">
    </UnitTestResult>
  </Results>
</TestRun>